\BOOKMARK [0][-]{chapter.1}{\376\377\0001\000\040\000L\000I\0003}{}% 1
\BOOKMARK [0][-]{chapter.2}{\376\377\0002\000\040\000D\000a\000t\000a\000\040\000S\000t\000r\000u\000c\000t\000u\000r\000e\000\040\000I\000n\000d\000e\000x}{}% 2
\BOOKMARK [1][-]{section.2.1}{\376\377\0002\000.\0001\000\040\000D\000a\000t\000a\000\040\000S\000t\000r\000u\000c\000t\000u\000r\000e\000s}{chapter.2}% 3
\BOOKMARK [0][-]{chapter.3}{\376\377\0003\000\040\000F\000i\000l\000e\000\040\000I\000n\000d\000e\000x}{}% 4
\BOOKMARK [1][-]{section.3.1}{\376\377\0003\000.\0001\000\040\000F\000i\000l\000e\000\040\000L\000i\000s\000t}{chapter.3}% 5
\BOOKMARK [0][-]{chapter.4}{\376\377\0004\000\040\000D\000a\000t\000a\000\040\000S\000t\000r\000u\000c\000t\000u\000r\000e\000\040\000D\000o\000c\000u\000m\000e\000n\000t\000a\000t\000i\000o\000n}{}% 6
\BOOKMARK [1][-]{section.4.1}{\376\377\0004\000.\0001\000\040\000q\000u\000e\000r\000y\000\040\000S\000t\000r\000u\000c\000t\000\040\000R\000e\000f\000e\000r\000e\000n\000c\000e}{chapter.4}% 7
\BOOKMARK [2][-]{subsection.4.1.1}{\376\377\0004\000.\0001\000.\0001\000\040\000D\000e\000t\000a\000i\000l\000e\000d\000\040\000D\000e\000s\000c\000r\000i\000p\000t\000i\000o\000n}{section.4.1}% 8
\BOOKMARK [2][-]{subsection.4.1.2}{\376\377\0004\000.\0001\000.\0002\000\040\000F\000i\000e\000l\000d\000\040\000D\000o\000c\000u\000m\000e\000n\000t\000a\000t\000i\000o\000n}{section.4.1}% 9
\BOOKMARK [3][-]{subsubsection.4.1.2.1}{\376\377\0004\000.\0001\000.\0002\000.\0001\000\040\000p\000r\000e\000c\000o\000t\000o\000t\000a\000l}{subsection.4.1.2}% 10
\BOOKMARK [3][-]{subsubsection.4.1.2.2}{\376\377\0004\000.\0001\000.\0002\000.\0002\000\040\000u\000n\000i\000d\000c\000o\000m\000p\000r\000a\000d\000a\000s}{subsection.4.1.2}% 11
\BOOKMARK [1][-]{section.4.2}{\376\377\0004\000.\0002\000\040\000v\000e\000n\000d\000a\000s\000\040\000S\000t\000r\000u\000c\000t\000\040\000R\000e\000f\000e\000r\000e\000n\000c\000e}{chapter.4}% 12
\BOOKMARK [2][-]{subsection.4.2.1}{\376\377\0004\000.\0002\000.\0001\000\040\000D\000e\000t\000a\000i\000l\000e\000d\000\040\000D\000e\000s\000c\000r\000i\000p\000t\000i\000o\000n}{section.4.2}% 13
\BOOKMARK [2][-]{subsection.4.2.2}{\376\377\0004\000.\0002\000.\0002\000\040\000F\000i\000e\000l\000d\000\040\000D\000o\000c\000u\000m\000e\000n\000t\000a\000t\000i\000o\000n}{section.4.2}% 14
\BOOKMARK [3][-]{subsubsection.4.2.2.1}{\376\377\0004\000.\0002\000.\0002\000.\0001\000\040\000c\000l\000i\000e\000n\000t\000e}{subsection.4.2.2}% 15
\BOOKMARK [3][-]{subsubsection.4.2.2.2}{\376\377\0004\000.\0002\000.\0002\000.\0002\000\040\000f\000i\000l\000i\000a\000l}{subsection.4.2.2}% 16
\BOOKMARK [3][-]{subsubsection.4.2.2.3}{\376\377\0004\000.\0002\000.\0002\000.\0003\000\040\000m\000e\000s}{subsection.4.2.2}% 17
\BOOKMARK [3][-]{subsubsection.4.2.2.4}{\376\377\0004\000.\0002\000.\0002\000.\0004\000\040\000p\000r\000e\000c\000o}{subsection.4.2.2}% 18
\BOOKMARK [3][-]{subsubsection.4.2.2.5}{\376\377\0004\000.\0002\000.\0002\000.\0005\000\040\000p\000r\000o\000d}{subsection.4.2.2}% 19
\BOOKMARK [3][-]{subsubsection.4.2.2.6}{\376\377\0004\000.\0002\000.\0002\000.\0006\000\040\000t\000c\000o\000m\000p\000r\000a}{subsection.4.2.2}% 20
\BOOKMARK [3][-]{subsubsection.4.2.2.7}{\376\377\0004\000.\0002\000.\0002\000.\0007\000\040\000u\000n\000i\000d\000a\000d\000e\000s}{subsection.4.2.2}% 21
\BOOKMARK [0][-]{chapter.5}{\376\377\0005\000\040\000F\000i\000l\000e\000\040\000D\000o\000c\000u\000m\000e\000n\000t\000a\000t\000i\000o\000n}{}% 22
\BOOKMARK [1][-]{section.5.1}{\376\377\0005\000.\0001\000\040\000i\000n\000i\000t\000.\000c\000\040\000F\000i\000l\000e\000\040\000R\000e\000f\000e\000r\000e\000n\000c\000e}{chapter.5}% 23
\BOOKMARK [2][-]{subsection.5.1.1}{\376\377\0005\000.\0001\000.\0001\000\040\000D\000e\000t\000a\000i\000l\000e\000d\000\040\000D\000e\000s\000c\000r\000i\000p\000t\000i\000o\000n}{section.5.1}% 24
\BOOKMARK [2][-]{subsection.5.1.2}{\376\377\0005\000.\0001\000.\0002\000\040\000M\000a\000c\000r\000o\000\040\000D\000e\000f\000i\000n\000i\000t\000i\000o\000n\000\040\000D\000o\000c\000u\000m\000e\000n\000t\000a\000t\000i\000o\000n}{section.5.1}% 25
\BOOKMARK [3][-]{subsubsection.5.1.2.1}{\376\377\0005\000.\0001\000.\0002\000.\0001\000\040\000\137\000G\000N\000U\000\137\000S\000O\000U\000R\000C\000E}{subsection.5.1.2}% 26
\BOOKMARK [2][-]{subsection.5.1.3}{\376\377\0005\000.\0001\000.\0003\000\040\000F\000u\000n\000c\000t\000i\000o\000n\000\040\000D\000o\000c\000u\000m\000e\000n\000t\000a\000t\000i\000o\000n}{section.5.1}% 27
\BOOKMARK [3][-]{subsubsection.5.1.3.1}{\376\377\0005\000.\0001\000.\0003\000.\0001\000\040\000i\000n\000i\000t\000t\000\050\000\051}{subsection.5.1.3}% 28
\BOOKMARK [1][-]{section.5.2}{\376\377\0005\000.\0002\000\040\000i\000n\000i\000t\000.\000h\000\040\000F\000i\000l\000e\000\040\000R\000e\000f\000e\000r\000e\000n\000c\000e}{chapter.5}% 29
\BOOKMARK [2][-]{subsection.5.2.1}{\376\377\0005\000.\0002\000.\0001\000\040\000D\000e\000t\000a\000i\000l\000e\000d\000\040\000D\000e\000s\000c\000r\000i\000p\000t\000i\000o\000n}{section.5.2}% 30
\BOOKMARK [2][-]{subsection.5.2.2}{\376\377\0005\000.\0002\000.\0002\000\040\000M\000a\000c\000r\000o\000\040\000D\000e\000f\000i\000n\000i\000t\000i\000o\000n\000\040\000D\000o\000c\000u\000m\000e\000n\000t\000a\000t\000i\000o\000n}{section.5.2}% 31
\BOOKMARK [3][-]{subsubsection.5.2.2.1}{\376\377\0005\000.\0002\000.\0002\000.\0001\000\040\000\137\000G\000N\000U\000\137\000S\000O\000U\000R\000C\000E}{subsection.5.2.2}% 32
\BOOKMARK [2][-]{subsection.5.2.3}{\376\377\0005\000.\0002\000.\0003\000\040\000F\000u\000n\000c\000t\000i\000o\000n\000\040\000D\000o\000c\000u\000m\000e\000n\000t\000a\000t\000i\000o\000n}{section.5.2}% 33
\BOOKMARK [3][-]{subsubsection.5.2.3.1}{\376\377\0005\000.\0002\000.\0003\000.\0001\000\040\000i\000n\000i\000t\000t\000\050\000\051}{subsection.5.2.3}% 34
\BOOKMARK [1][-]{section.5.3}{\376\377\0005\000.\0003\000\040\000m\000a\000i\000n\000.\000c\000\040\000F\000i\000l\000e\000\040\000R\000e\000f\000e\000r\000e\000n\000c\000e}{chapter.5}% 35
\BOOKMARK [2][-]{subsection.5.3.1}{\376\377\0005\000.\0003\000.\0001\000\040\000D\000e\000t\000a\000i\000l\000e\000d\000\040\000D\000e\000s\000c\000r\000i\000p\000t\000i\000o\000n}{section.5.3}% 36
\BOOKMARK [2][-]{subsection.5.3.2}{\376\377\0005\000.\0003\000.\0002\000\040\000M\000a\000c\000r\000o\000\040\000D\000e\000f\000i\000n\000i\000t\000i\000o\000n\000\040\000D\000o\000c\000u\000m\000e\000n\000t\000a\000t\000i\000o\000n}{section.5.3}% 37
\BOOKMARK [3][-]{subsubsection.5.3.2.1}{\376\377\0005\000.\0003\000.\0002\000.\0001\000\040\000\137\000G\000N\000U\000\137\000S\000O\000U\000R\000C\000E}{subsection.5.3.2}% 38
\BOOKMARK [2][-]{subsection.5.3.3}{\376\377\0005\000.\0003\000.\0003\000\040\000F\000u\000n\000c\000t\000i\000o\000n\000\040\000D\000o\000c\000u\000m\000e\000n\000t\000a\000t\000i\000o\000n}{section.5.3}% 39
\BOOKMARK [3][-]{subsubsection.5.3.3.1}{\376\377\0005\000.\0003\000.\0003\000.\0001\000\040\000m\000a\000i\000n\000\050\000\051}{subsection.5.3.3}% 40
\BOOKMARK [1][-]{section.5.4}{\376\377\0005\000.\0004\000\040\000q\000u\000e\000r\000i\000e\000s\000.\000c\000\040\000F\000i\000l\000e\000\040\000R\000e\000f\000e\000r\000e\000n\000c\000e}{chapter.5}% 41
\BOOKMARK [2][-]{subsection.5.4.1}{\376\377\0005\000.\0004\000.\0001\000\040\000D\000e\000t\000a\000i\000l\000e\000d\000\040\000D\000e\000s\000c\000r\000i\000p\000t\000i\000o\000n}{section.5.4}% 42
\BOOKMARK [2][-]{subsection.5.4.2}{\376\377\0005\000.\0004\000.\0002\000\040\000M\000a\000c\000r\000o\000\040\000D\000e\000f\000i\000n\000i\000t\000i\000o\000n\000\040\000D\000o\000c\000u\000m\000e\000n\000t\000a\000t\000i\000o\000n}{section.5.4}% 43
\BOOKMARK [3][-]{subsubsection.5.4.2.1}{\376\377\0005\000.\0004\000.\0002\000.\0001\000\040\000\137\000G\000N\000U\000\137\000S\000O\000U\000R\000C\000E}{subsection.5.4.2}% 44
\BOOKMARK [2][-]{subsection.5.4.3}{\376\377\0005\000.\0004\000.\0003\000\040\000F\000u\000n\000c\000t\000i\000o\000n\000\040\000D\000o\000c\000u\000m\000e\000n\000t\000a\000t\000i\000o\000n}{section.5.4}% 45
\BOOKMARK [3][-]{subsubsection.5.4.3.1}{\376\377\0005\000.\0004\000.\0003\000.\0001\000\040\000i\000m\000p\000r\000i\000m\000e\000\137\000u\000l\000t\000i\000m\000o\000\050\000\051}{subsection.5.4.3}% 46
\BOOKMARK [3][-]{subsubsection.5.4.3.2}{\376\377\0005\000.\0004\000.\0003\000.\0002\000\040\000l\000i\000n\000h\000a\000\137\000m\000a\000i\000s\000\137\000l\000o\000n\000g\000a\000\050\000\051}{subsection.5.4.3}% 47
\BOOKMARK [3][-]{subsubsection.5.4.3.3}{\376\377\0005\000.\0004\000.\0003\000.\0003\000\040\000t\000e\000s\000t\000a\000\137\000b\000r\000p\000\050\000\051}{subsection.5.4.3}% 48
\BOOKMARK [1][-]{section.5.5}{\376\377\0005\000.\0005\000\040\000q\000u\000e\000r\000i\000e\000s\000.\000h\000\040\000F\000i\000l\000e\000\040\000R\000e\000f\000e\000r\000e\000n\000c\000e}{chapter.5}% 49
\BOOKMARK [2][-]{subsection.5.5.1}{\376\377\0005\000.\0005\000.\0001\000\040\000D\000e\000t\000a\000i\000l\000e\000d\000\040\000D\000e\000s\000c\000r\000i\000p\000t\000i\000o\000n}{section.5.5}% 50
\BOOKMARK [2][-]{subsection.5.5.2}{\376\377\0005\000.\0005\000.\0002\000\040\000M\000a\000c\000r\000o\000\040\000D\000e\000f\000i\000n\000i\000t\000i\000o\000n\000\040\000D\000o\000c\000u\000m\000e\000n\000t\000a\000t\000i\000o\000n}{section.5.5}% 51
\BOOKMARK [3][-]{subsubsection.5.5.2.1}{\376\377\0005\000.\0005\000.\0002\000.\0001\000\040\000\137\000G\000N\000U\000\137\000S\000O\000U\000R\000C\000E}{subsection.5.5.2}% 52
\BOOKMARK [2][-]{subsection.5.5.3}{\376\377\0005\000.\0005\000.\0003\000\040\000F\000u\000n\000c\000t\000i\000o\000n\000\040\000D\000o\000c\000u\000m\000e\000n\000t\000a\000t\000i\000o\000n}{section.5.5}% 53
\BOOKMARK [3][-]{subsubsection.5.5.3.1}{\376\377\0005\000.\0005\000.\0003\000.\0001\000\040\000i\000m\000p\000r\000i\000m\000e\000\137\000u\000l\000t\000i\000m\000o\000\050\000\051}{subsection.5.5.3}% 54
\BOOKMARK [3][-]{subsubsection.5.5.3.2}{\376\377\0005\000.\0005\000.\0003\000.\0002\000\040\000l\000i\000n\000h\000a\000\137\000m\000a\000i\000s\000\137\000l\000o\000n\000g\000a\000\050\000\051}{subsection.5.5.3}% 55
\BOOKMARK [3][-]{subsubsection.5.5.3.3}{\376\377\0005\000.\0005\000.\0003\000.\0003\000\040\000t\000e\000s\000t\000a\000\137\000b\000r\000p\000\050\000\051}{subsection.5.5.3}% 56
\BOOKMARK [1][-]{section.5.6}{\376\377\0005\000.\0006\000\040\000R\000E\000A\000D\000M\000E\000.\000m\000d\000\040\000F\000i\000l\000e\000\040\000R\000e\000f\000e\000r\000e\000n\000c\000e}{chapter.5}% 57
\BOOKMARK [1][-]{section.5.7}{\376\377\0005\000.\0007\000\040\000v\000a\000l\000i\000d\000a\000.\000c\000\040\000F\000i\000l\000e\000\040\000R\000e\000f\000e\000r\000e\000n\000c\000e}{chapter.5}% 58
\BOOKMARK [2][-]{subsection.5.7.1}{\376\377\0005\000.\0007\000.\0001\000\040\000D\000e\000t\000a\000i\000l\000e\000d\000\040\000D\000e\000s\000c\000r\000i\000p\000t\000i\000o\000n}{section.5.7}% 59
\BOOKMARK [2][-]{subsection.5.7.2}{\376\377\0005\000.\0007\000.\0002\000\040\000M\000a\000c\000r\000o\000\040\000D\000e\000f\000i\000n\000i\000t\000i\000o\000n\000\040\000D\000o\000c\000u\000m\000e\000n\000t\000a\000t\000i\000o\000n}{section.5.7}% 60
\BOOKMARK [3][-]{subsubsection.5.7.2.1}{\376\377\0005\000.\0007\000.\0002\000.\0001\000\040\000\137\000G\000N\000U\000\137\000S\000O\000U\000R\000C\000E}{subsection.5.7.2}% 61
\BOOKMARK [3][-]{subsubsection.5.7.2.2}{\376\377\0005\000.\0007\000.\0002\000.\0002\000\040\000C\000A\000M\000P\000O\000S\000V\000E\000N\000D\000A}{subsection.5.7.2}% 62
\BOOKMARK [3][-]{subsubsection.5.7.2.3}{\376\377\0005\000.\0007\000.\0002\000.\0003\000\040\000s\000t\000a\000A\000u\000x}{subsection.5.7.2}% 63
\BOOKMARK [3][-]{subsubsection.5.7.2.4}{\376\377\0005\000.\0007\000.\0002\000.\0004\000\040\000T\000A\000M\000C\000L\000I\000E\000N\000T\000E\000S}{subsection.5.7.2}% 64
\BOOKMARK [3][-]{subsubsection.5.7.2.5}{\376\377\0005\000.\0007\000.\0002\000.\0005\000\040\000T\000A\000M\000P\000R\000O\000D}{subsection.5.7.2}% 65
\BOOKMARK [3][-]{subsubsection.5.7.2.6}{\376\377\0005\000.\0007\000.\0002\000.\0006\000\040\000T\000A\000M\000V\000E\000N\000D\000A\000S}{subsection.5.7.2}% 66
\BOOKMARK [2][-]{subsection.5.7.3}{\376\377\0005\000.\0007\000.\0003\000\040\000T\000y\000p\000e\000d\000e\000f\000\040\000D\000o\000c\000u\000m\000e\000n\000t\000a\000t\000i\000o\000n}{section.5.7}% 67
\BOOKMARK [3][-]{subsubsection.5.7.3.1}{\376\377\0005\000.\0007\000.\0003\000.\0001\000\040\000Q\000u\000e\000r\000y}{subsection.5.7.3}% 68
\BOOKMARK [3][-]{subsubsection.5.7.3.2}{\376\377\0005\000.\0007\000.\0003\000.\0002\000\040\000V\000e\000n\000d\000a\000s}{subsection.5.7.3}% 69
\BOOKMARK [2][-]{subsection.5.7.4}{\376\377\0005\000.\0007\000.\0004\000\040\000F\000u\000n\000c\000t\000i\000o\000n\000\040\000D\000o\000c\000u\000m\000e\000n\000t\000a\000t\000i\000o\000n}{section.5.7}% 70
\BOOKMARK [3][-]{subsubsection.5.7.4.1}{\376\377\0005\000.\0007\000.\0004\000.\0001\000\040\000c\000l\000i\000e\000n\000t\000t\000o\000A\000r\000r\000a\000y\000\050\000\051}{subsection.5.7.4}% 71
\BOOKMARK [3][-]{subsubsection.5.7.4.2}{\376\377\0005\000.\0007\000.\0004\000.\0002\000\040\000e\000s\000c\000r\000e\000v\000e\000A\000r\000r\000a\000y\000\050\000\051}{subsection.5.7.4}% 72
\BOOKMARK [3][-]{subsubsection.5.7.4.3}{\376\377\0005\000.\0007\000.\0004\000.\0003\000\040\000f\000a\000z\000S\000t\000r\000u\000c\000t\000\050\000\051}{subsection.5.7.4}% 73
\BOOKMARK [3][-]{subsubsection.5.7.4.4}{\376\377\0005\000.\0007\000.\0004\000.\0004\000\040\000i\000n\000i\000t\000A\000r\000r\000a\000y\000T\000r\000e\000e\000\050\000\051}{subsection.5.7.4}% 74
\BOOKMARK [3][-]{subsubsection.5.7.4.5}{\376\377\0005\000.\0007\000.\0004\000.\0005\000\040\000p\000r\000i\000n\000t\000e\000l\000e\000m\000e\000n\000t\000s\000\050\000\051}{subsection.5.7.4}% 75
\BOOKMARK [3][-]{subsubsection.5.7.4.6}{\376\377\0005\000.\0007\000.\0004\000.\0006\000\040\000p\000r\000o\000d\000t\000o\000A\000r\000r\000a\000y\000\050\000\051}{subsection.5.7.4}% 76
\BOOKMARK [3][-]{subsubsection.5.7.4.7}{\376\377\0005\000.\0007\000.\0004\000.\0007\000\040\000p\000r\000o\000d\000T\000o\000T\000r\000e\000e\000\050\000\051}{subsection.5.7.4}% 77
\BOOKMARK [3][-]{subsubsection.5.7.4.8}{\376\377\0005\000.\0007\000.\0004\000.\0008\000\040\000v\000a\000l\000i\000d\000c\000l\000i\000e\000n\000t\000\050\000\051}{subsection.5.7.4}% 78
\BOOKMARK [3][-]{subsubsection.5.7.4.9}{\376\377\0005\000.\0007\000.\0004\000.\0009\000\040\000v\000a\000l\000i\000d\000P\000r\000o\000d\000\050\000\051}{subsection.5.7.4}% 79
\BOOKMARK [3][-]{subsubsection.5.7.4.10}{\376\377\0005\000.\0007\000.\0004\000.\0001\0000\000\040\000v\000a\000l\000i\000d\000v\000e\000n\000d\000a\000s\000\050\000\051}{subsection.5.7.4}% 80
\BOOKMARK [3][-]{subsubsection.5.7.4.11}{\376\377\0005\000.\0007\000.\0004\000.\0001\0001\000\040\000v\000e\000r\000c\000l\000i\000e\000n\000\050\000\051}{subsection.5.7.4}% 81
\BOOKMARK [3][-]{subsubsection.5.7.4.12}{\376\377\0005\000.\0007\000.\0004\000.\0001\0002\000\040\000v\000e\000r\000f\000i\000l\000i\000a\000l\000\050\000\051}{subsection.5.7.4}% 82
\BOOKMARK [3][-]{subsubsection.5.7.4.13}{\376\377\0005\000.\0007\000.\0004\000.\0001\0003\000\040\000v\000e\000r\000m\000e\000s\000\050\000\051}{subsection.5.7.4}% 83
\BOOKMARK [3][-]{subsubsection.5.7.4.14}{\376\377\0005\000.\0007\000.\0004\000.\0001\0004\000\040\000v\000e\000r\000p\000r\000e\000c\000o\000\050\000\051}{subsection.5.7.4}% 84
\BOOKMARK [3][-]{subsubsection.5.7.4.15}{\376\377\0005\000.\0007\000.\0004\000.\0001\0005\000\040\000v\000e\000r\000p\000r\000o\000d\000\050\000\051}{subsection.5.7.4}% 85
\BOOKMARK [3][-]{subsubsection.5.7.4.16}{\376\377\0005\000.\0007\000.\0004\000.\0001\0006\000\040\000v\000e\000r\000t\000c\000o\000m\000p\000r\000a\000\050\000\051}{subsection.5.7.4}% 86
\BOOKMARK [3][-]{subsubsection.5.7.4.17}{\376\377\0005\000.\0007\000.\0004\000.\0001\0007\000\040\000v\000e\000r\000u\000n\000i\000d\000a\000d\000e\000s\000v\000e\000n\000d\000\050\000\051}{subsection.5.7.4}% 87
\BOOKMARK [2][-]{subsection.5.7.5}{\376\377\0005\000.\0007\000.\0005\000\040\000V\000a\000r\000i\000a\000b\000l\000e\000\040\000D\000o\000c\000u\000m\000e\000n\000t\000a\000t\000i\000o\000n}{section.5.7}% 88
\BOOKMARK [3][-]{subsubsection.5.7.5.1}{\376\377\0005\000.\0007\000.\0005\000.\0001\000\040\000a\000r\000r\000a\000y\000p\000r\000o\000d}{subsection.5.7.5}% 89
\BOOKMARK [3][-]{subsubsection.5.7.5.2}{\376\377\0005\000.\0007\000.\0005\000.\0002\000\040\000c\000l\000i\000e\000n\000t\000e\000s}{subsection.5.7.5}% 90
\BOOKMARK [3][-]{subsubsection.5.7.5.3}{\376\377\0005\000.\0007\000.\0005\000.\0003\000\040\000p\000r\000o\000d\000u\000t\000o\000s}{subsection.5.7.5}% 91
\BOOKMARK [3][-]{subsubsection.5.7.5.4}{\376\377\0005\000.\0007\000.\0005\000.\0004\000\040\000t\000e\000s\000t\000e}{subsection.5.7.5}% 92
\BOOKMARK [3][-]{subsubsection.5.7.5.5}{\376\377\0005\000.\0007\000.\0005\000.\0005\000\040\000v\000a\000l\000i\000d\000a\000d\000a\000s}{subsection.5.7.5}% 93
\BOOKMARK [3][-]{subsubsection.5.7.5.6}{\376\377\0005\000.\0007\000.\0005\000.\0006\000\040\000v\000e\000n}{subsection.5.7.5}% 94
\BOOKMARK [3][-]{subsubsection.5.7.5.7}{\376\377\0005\000.\0007\000.\0005\000.\0007\000\040\000v\000e\000n\000d\000a}{subsection.5.7.5}% 95
\BOOKMARK [1][-]{section.5.8}{\376\377\0005\000.\0008\000\040\000v\000a\000l\000i\000d\000a\000.\000h\000\040\000F\000i\000l\000e\000\040\000R\000e\000f\000e\000r\000e\000n\000c\000e}{chapter.5}% 96
\BOOKMARK [2][-]{subsection.5.8.1}{\376\377\0005\000.\0008\000.\0001\000\040\000D\000e\000t\000a\000i\000l\000e\000d\000\040\000D\000e\000s\000c\000r\000i\000p\000t\000i\000o\000n}{section.5.8}% 97
\BOOKMARK [2][-]{subsection.5.8.2}{\376\377\0005\000.\0008\000.\0002\000\040\000M\000a\000c\000r\000o\000\040\000D\000e\000f\000i\000n\000i\000t\000i\000o\000n\000\040\000D\000o\000c\000u\000m\000e\000n\000t\000a\000t\000i\000o\000n}{section.5.8}% 98
\BOOKMARK [3][-]{subsubsection.5.8.2.1}{\376\377\0005\000.\0008\000.\0002\000.\0001\000\040\000\137\000G\000N\000U\000\137\000S\000O\000U\000R\000C\000E}{subsection.5.8.2}% 99
\BOOKMARK [3][-]{subsubsection.5.8.2.2}{\376\377\0005\000.\0008\000.\0002\000.\0002\000\040\000C\000A\000M\000P\000O\000S\000V\000E\000N\000D\000A}{subsection.5.8.2}% 100
\BOOKMARK [3][-]{subsubsection.5.8.2.3}{\376\377\0005\000.\0008\000.\0002\000.\0003\000\040\000s\000t\000a\000A\000u\000x}{subsection.5.8.2}% 101
\BOOKMARK [3][-]{subsubsection.5.8.2.4}{\376\377\0005\000.\0008\000.\0002\000.\0004\000\040\000T\000A\000M\000C\000L\000I\000E\000N\000T\000E\000S}{subsection.5.8.2}% 102
\BOOKMARK [3][-]{subsubsection.5.8.2.5}{\376\377\0005\000.\0008\000.\0002\000.\0005\000\040\000T\000A\000M\000P\000R\000O\000D}{subsection.5.8.2}% 103
\BOOKMARK [3][-]{subsubsection.5.8.2.6}{\376\377\0005\000.\0008\000.\0002\000.\0006\000\040\000T\000A\000M\000V\000E\000N\000D\000A\000S}{subsection.5.8.2}% 104
\BOOKMARK [2][-]{subsection.5.8.3}{\376\377\0005\000.\0008\000.\0003\000\040\000F\000u\000n\000c\000t\000i\000o\000n\000\040\000D\000o\000c\000u\000m\000e\000n\000t\000a\000t\000i\000o\000n}{section.5.8}% 105
\BOOKMARK [3][-]{subsubsection.5.8.3.1}{\376\377\0005\000.\0008\000.\0003\000.\0001\000\040\000c\000l\000i\000e\000n\000t\000t\000o\000A\000r\000r\000a\000y\000\050\000\051}{subsection.5.8.3}% 106
\BOOKMARK [3][-]{subsubsection.5.8.3.2}{\376\377\0005\000.\0008\000.\0003\000.\0002\000\040\000e\000s\000c\000r\000e\000v\000e\000A\000r\000r\000a\000y\000\050\000\051}{subsection.5.8.3}% 107
\BOOKMARK [3][-]{subsubsection.5.8.3.3}{\376\377\0005\000.\0008\000.\0003\000.\0003\000\040\000f\000a\000z\000S\000t\000r\000u\000c\000t\000\050\000\051}{subsection.5.8.3}% 108
\BOOKMARK [3][-]{subsubsection.5.8.3.4}{\376\377\0005\000.\0008\000.\0003\000.\0004\000\040\000p\000r\000o\000d\000t\000o\000A\000r\000r\000a\000y\000\050\000\051}{subsection.5.8.3}% 109
\BOOKMARK [3][-]{subsubsection.5.8.3.5}{\376\377\0005\000.\0008\000.\0003\000.\0005\000\040\000v\000a\000l\000i\000d\000c\000l\000i\000e\000n\000t\000\050\000\051}{subsection.5.8.3}% 110
\BOOKMARK [3][-]{subsubsection.5.8.3.6}{\376\377\0005\000.\0008\000.\0003\000.\0006\000\040\000v\000a\000l\000i\000d\000P\000r\000o\000d\000\050\000\051}{subsection.5.8.3}% 111
\BOOKMARK [3][-]{subsubsection.5.8.3.7}{\376\377\0005\000.\0008\000.\0003\000.\0007\000\040\000v\000a\000l\000i\000d\000v\000e\000n\000d\000a\000s\000\050\000\051}{subsection.5.8.3}% 112
\BOOKMARK [3][-]{subsubsection.5.8.3.8}{\376\377\0005\000.\0008\000.\0003\000.\0008\000\040\000v\000e\000r\000c\000l\000i\000e\000n\000\050\000\051}{subsection.5.8.3}% 113
\BOOKMARK [3][-]{subsubsection.5.8.3.9}{\376\377\0005\000.\0008\000.\0003\000.\0009\000\040\000v\000e\000r\000f\000i\000l\000i\000a\000l\000\050\000\051}{subsection.5.8.3}% 114
\BOOKMARK [3][-]{subsubsection.5.8.3.10}{\376\377\0005\000.\0008\000.\0003\000.\0001\0000\000\040\000v\000e\000r\000m\000e\000s\000\050\000\051}{subsection.5.8.3}% 115
\BOOKMARK [3][-]{subsubsection.5.8.3.11}{\376\377\0005\000.\0008\000.\0003\000.\0001\0001\000\040\000v\000e\000r\000p\000r\000o\000d\000\050\000\051}{subsection.5.8.3}% 116
\BOOKMARK [3][-]{subsubsection.5.8.3.12}{\376\377\0005\000.\0008\000.\0003\000.\0001\0002\000\040\000v\000e\000r\000t\000c\000o\000m\000p\000r\000a\000\050\000\051}{subsection.5.8.3}% 117
\BOOKMARK [3][-]{subsubsection.5.8.3.13}{\376\377\0005\000.\0008\000.\0003\000.\0001\0003\000\040\000v\000e\000r\000u\000n\000i\000d\000a\000d\000e\000s\000v\000e\000n\000d\000\050\000\051}{subsection.5.8.3}% 118
\BOOKMARK [3][-]{subsubsection.5.8.3.14}{\376\377\0005\000.\0008\000.\0003\000.\0001\0004\000\040\000v\000e\000r\000u\000n\000i\000d\000e\000c\000\050\000\051}{subsection.5.8.3}% 119
\BOOKMARK [2][-]{subsection.5.8.4}{\376\377\0005\000.\0008\000.\0004\000\040\000V\000a\000r\000i\000a\000b\000l\000e\000\040\000D\000o\000c\000u\000m\000e\000n\000t\000a\000t\000i\000o\000n}{section.5.8}% 120
\BOOKMARK [3][-]{subsubsection.5.8.4.1}{\376\377\0005\000.\0008\000.\0004\000.\0001\000\040\000c\000l\000i\000e\000n\000t\000e\000s}{subsection.5.8.4}% 121
\BOOKMARK [3][-]{subsubsection.5.8.4.2}{\376\377\0005\000.\0008\000.\0004\000.\0002\000\040\000p\000r\000o\000d\000u\000t\000o\000s}{subsection.5.8.4}% 122
\BOOKMARK [3][-]{subsubsection.5.8.4.3}{\376\377\0005\000.\0008\000.\0004\000.\0003\000\040\000v\000e\000n\000d\000a}{subsection.5.8.4}% 123
\BOOKMARK [0][-]{section*.21}{\376\377\000I\000n\000d\000e\000x}{}% 124
